Analysis & Synthesis report for genius
Wed Nov 30 23:14:03 2022
Quartus Prime Version 20.1.0 Build 711 06/05/2020 SJ Lite Edition


---------------------
; Table of Contents ;
---------------------
  1. Legal Notice
  2. Analysis & Synthesis Summary
  3. Analysis & Synthesis Settings
  4. Parallel Compilation
  5. Analysis & Synthesis Source Files Read
  6. Analysis & Synthesis Resource Usage Summary
  7. Analysis & Synthesis Resource Utilization by Entity
  8. State Machine - |genius|state
  9. User-Specified and Inferred Latches
 10. Registers Removed During Synthesis
 11. General Register Statistics
 12. Post-Synthesis Netlist Statistics for Top Partition
 13. Elapsed Time Per Partition
 14. Analysis & Synthesis Messages



----------------
; Legal Notice ;
----------------
Copyright (C) 2020  Intel Corporation. All rights reserved.
Your use of Intel Corporation's design tools, logic functions 
and other software and tools, and any partner logic 
functions, and any output files from any of the foregoing 
(including device programming or simulation files), and any 
associated documentation or information are expressly subject 
to the terms and conditions of the Intel Program License 
Subscription Agreement, the Intel Quartus Prime License Agreement,
the Intel FPGA IP License Agreement, or other applicable license
agreement, including, without limitation, that your use is for
the sole purpose of programming logic devices manufactured by
Intel and sold by Intel or its authorized distributors.  Please
refer to the applicable agreement for further details, at
https://fpgasoftware.intel.com/eula.



+----------------------------------------------------------------------------------+
; Analysis & Synthesis Summary                                                     ;
+------------------------------------+---------------------------------------------+
; Analysis & Synthesis Status        ; Successful - Wed Nov 30 23:14:03 2022       ;
; Quartus Prime Version              ; 20.1.0 Build 711 06/05/2020 SJ Lite Edition ;
; Revision Name                      ; genius                                      ;
; Top-level Entity Name              ; genius                                      ;
; Family                             ; MAX 10                                      ;
; Total logic elements               ; 36                                          ;
;     Total combinational functions  ; 36                                          ;
;     Dedicated logic registers      ; 4                                           ;
; Total registers                    ; 4                                           ;
; Total pins                         ; 267                                         ;
; Total virtual pins                 ; 0                                           ;
; Total memory bits                  ; 0                                           ;
; Embedded Multiplier 9-bit elements ; 0                                           ;
; Total PLLs                         ; 0                                           ;
; UFM blocks                         ; 0                                           ;
; ADC blocks                         ; 0                                           ;
+------------------------------------+---------------------------------------------+


+------------------------------------------------------------------------------------------------------------+
; Analysis & Synthesis Settings                                                                              ;
+------------------------------------------------------------------+--------------------+--------------------+
; Option                                                           ; Setting            ; Default Value      ;
+------------------------------------------------------------------+--------------------+--------------------+
; Device                                                           ; 10M50DAF484C7G     ;                    ;
; Top-level entity name                                            ; genius             ; genius             ;
; Family name                                                      ; MAX 10             ; Cyclone V          ;
; Use smart compilation                                            ; Off                ; Off                ;
; Enable parallel Assembler and Timing Analyzer during compilation ; On                 ; On                 ;
; Enable compact report table                                      ; Off                ; Off                ;
; Restructure Multiplexers                                         ; Auto               ; Auto               ;
; Create Debugging Nodes for IP Cores                              ; Off                ; Off                ;
; Preserve fewer node names                                        ; On                 ; On                 ;
; Intel FPGA IP Evaluation Mode                                    ; Enable             ; Enable             ;
; Verilog Version                                                  ; Verilog_2001       ; Verilog_2001       ;
; VHDL Version                                                     ; VHDL_1993          ; VHDL_1993          ;
; State Machine Processing                                         ; Auto               ; Auto               ;
; Safe State Machine                                               ; Off                ; Off                ;
; Extract Verilog State Machines                                   ; On                 ; On                 ;
; Extract VHDL State Machines                                      ; On                 ; On                 ;
; Ignore Verilog initial constructs                                ; Off                ; Off                ;
; Iteration limit for constant Verilog loops                       ; 5000               ; 5000               ;
; Iteration limit for non-constant Verilog loops                   ; 250                ; 250                ;
; Add Pass-Through Logic to Inferred RAMs                          ; On                 ; On                 ;
; Infer RAMs from Raw Logic                                        ; On                 ; On                 ;
; Parallel Synthesis                                               ; On                 ; On                 ;
; DSP Block Balancing                                              ; Auto               ; Auto               ;
; NOT Gate Push-Back                                               ; On                 ; On                 ;
; Power-Up Don't Care                                              ; On                 ; On                 ;
; Remove Redundant Logic Cells                                     ; Off                ; Off                ;
; Remove Duplicate Registers                                       ; On                 ; On                 ;
; Ignore CARRY Buffers                                             ; Off                ; Off                ;
; Ignore CASCADE Buffers                                           ; Off                ; Off                ;
; Ignore GLOBAL Buffers                                            ; Off                ; Off                ;
; Ignore ROW GLOBAL Buffers                                        ; Off                ; Off                ;
; Ignore LCELL Buffers                                             ; Off                ; Off                ;
; Ignore SOFT Buffers                                              ; On                 ; On                 ;
; Limit AHDL Integers to 32 Bits                                   ; Off                ; Off                ;
; Optimization Technique                                           ; Balanced           ; Balanced           ;
; Carry Chain Length                                               ; 70                 ; 70                 ;
; Auto Carry Chains                                                ; On                 ; On                 ;
; Auto Open-Drain Pins                                             ; On                 ; On                 ;
; Perform WYSIWYG Primitive Resynthesis                            ; Off                ; Off                ;
; Auto ROM Replacement                                             ; On                 ; On                 ;
; Auto RAM Replacement                                             ; On                 ; On                 ;
; Auto DSP Block Replacement                                       ; On                 ; On                 ;
; Auto Shift Register Replacement                                  ; Auto               ; Auto               ;
; Allow Shift Register Merging across Hierarchies                  ; Auto               ; Auto               ;
; Auto Clock Enable Replacement                                    ; On                 ; On                 ;
; Strict RAM Replacement                                           ; Off                ; Off                ;
; Allow Synchronous Control Signals                                ; On                 ; On                 ;
; Force Use of Synchronous Clear Signals                           ; Off                ; Off                ;
; Auto RAM Block Balancing                                         ; On                 ; On                 ;
; Auto RAM to Logic Cell Conversion                                ; Off                ; Off                ;
; Auto Resource Sharing                                            ; Off                ; Off                ;
; Allow Any RAM Size For Recognition                               ; Off                ; Off                ;
; Allow Any ROM Size For Recognition                               ; Off                ; Off                ;
; Allow Any Shift Register Size For Recognition                    ; Off                ; Off                ;
; Use LogicLock Constraints during Resource Balancing              ; On                 ; On                 ;
; Ignore translate_off and synthesis_off directives                ; Off                ; Off                ;
; Timing-Driven Synthesis                                          ; On                 ; On                 ;
; Report Parameter Settings                                        ; On                 ; On                 ;
; Report Source Assignments                                        ; On                 ; On                 ;
; Report Connectivity Checks                                       ; On                 ; On                 ;
; Ignore Maximum Fan-Out Assignments                               ; Off                ; Off                ;
; Synchronization Register Chain Length                            ; 2                  ; 2                  ;
; Power Optimization During Synthesis                              ; Normal compilation ; Normal compilation ;
; HDL message level                                                ; Level2             ; Level2             ;
; Suppress Register Optimization Related Messages                  ; Off                ; Off                ;
; Number of Removed Registers Reported in Synthesis Report         ; 5000               ; 5000               ;
; Number of Swept Nodes Reported in Synthesis Report               ; 5000               ; 5000               ;
; Number of Inverted Registers Reported in Synthesis Report        ; 100                ; 100                ;
; Clock MUX Protection                                             ; On                 ; On                 ;
; Auto Gated Clock Conversion                                      ; Off                ; Off                ;
; Block Design Naming                                              ; Auto               ; Auto               ;
; SDC constraint protection                                        ; Off                ; Off                ;
; Synthesis Effort                                                 ; Auto               ; Auto               ;
; Shift Register Replacement - Allow Asynchronous Clear Signal     ; On                 ; On                 ;
; Pre-Mapping Resynthesis Optimization                             ; Off                ; Off                ;
; Analysis & Synthesis Message Level                               ; Medium             ; Medium             ;
; Disable Register Merging Across Hierarchies                      ; Auto               ; Auto               ;
; Resource Aware Inference For Block RAM                           ; On                 ; On                 ;
+------------------------------------------------------------------+--------------------+--------------------+


+------------------------------------------+
; Parallel Compilation                     ;
+----------------------------+-------------+
; Processors                 ; Number      ;
+----------------------------+-------------+
; Number detected on machine ; 8           ;
; Maximum allowed            ; 4           ;
;                            ;             ;
; Average used               ; 1.00        ;
; Maximum used               ; 4           ;
;                            ;             ;
; Usage by Processor         ; % Time Used ;
;     Processor 1            ; 100.0%      ;
;     Processor 2            ;   0.0%      ;
;     Processors 3-4         ;   0.0%      ;
+----------------------------+-------------+


+----------------------------------------------------------------------------------------------------------------+
; Analysis & Synthesis Source Files Read                                                                         ;
+----------------------------------+-----------------+-----------------+-------------------------------+---------+
; File Name with User-Entered Path ; Used in Netlist ; File Type       ; File Name with Absolute Path  ; Library ;
+----------------------------------+-----------------+-----------------+-------------------------------+---------+
; genius.vhd                       ; yes             ; User VHDL File  ; C:/tp-labsd-genius/genius.vhd ;         ;
+----------------------------------+-----------------+-----------------+-------------------------------+---------+


+----------------------------------------------------------------+
; Analysis & Synthesis Resource Usage Summary                    ;
+---------------------------------------------+------------------+
; Resource                                    ; Usage            ;
+---------------------------------------------+------------------+
; Estimated Total logic elements              ; 36               ;
;                                             ;                  ;
; Total combinational functions               ; 36               ;
; Logic element usage by number of LUT inputs ;                  ;
;     -- 4 input functions                    ; 7                ;
;     -- 3 input functions                    ; 17               ;
;     -- <=2 input functions                  ; 12               ;
;                                             ;                  ;
; Logic elements by mode                      ;                  ;
;     -- normal mode                          ; 33               ;
;     -- arithmetic mode                      ; 3                ;
;                                             ;                  ;
; Total registers                             ; 4                ;
;     -- Dedicated logic registers            ; 4                ;
;     -- I/O registers                        ; 0                ;
;                                             ;                  ;
; I/O pins                                    ; 267              ;
;                                             ;                  ;
; Embedded Multiplier 9-bit elements          ; 0                ;
;                                             ;                  ;
; Maximum fan-out node                        ; state.MOSTRA_COR ;
; Maximum fan-out                             ; 11               ;
; Total fan-out                               ; 389              ;
; Average fan-out                             ; 0.68             ;
+---------------------------------------------+------------------+


+------------------------------------------------------------------------------------------------------------------------------------------------------------------------------------------------------------------------------------+
; Analysis & Synthesis Resource Utilization by Entity                                                                                                                                                                                ;
+----------------------------+---------------------+---------------------------+-------------+------------+--------------+---------+-----------+------+--------------+------------+---------------------+-------------+--------------+
; Compilation Hierarchy Node ; Combinational ALUTs ; Dedicated Logic Registers ; Memory Bits ; UFM Blocks ; DSP Elements ; DSP 9x9 ; DSP 18x18 ; Pins ; Virtual Pins ; ADC blocks ; Full Hierarchy Name ; Entity Name ; Library Name ;
+----------------------------+---------------------+---------------------------+-------------+------------+--------------+---------+-----------+------+--------------+------------+---------------------+-------------+--------------+
; |genius                    ; 36 (36)             ; 4 (4)                     ; 0           ; 0          ; 0            ; 0       ; 0         ; 267  ; 0            ; 0          ; |genius             ; genius      ; work         ;
+----------------------------+---------------------+---------------------------+-------------+------------+--------------+---------+-----------+------+--------------+------------+---------------------+-------------+--------------+
Note: For table entries with two numbers listed, the numbers in parentheses indicate the number of resources of the given type used by the specific entity alone. The numbers listed outside of parentheses indicate the total resources of the given type used by the specific entity and all of its sub-entities in the hierarchy.


Encoding Type:  One-Hot
+-------------------------------------------------------------------------------------------------------------------------------------------------------------------------+
; State Machine - |genius|state                                                                                                                                           ;
+------------------------+---------------------+--------------------+------------------------+-----------------------+------------------+--------------------+------------+
; Name                   ; state.FINALIZA_JOGO ; state.CONTINA_JOGO ; state.VERIFICA_ENTRADA ; state.AGUARDA_ENTRADA ; state.MOSTRA_COR ; state.PREPARA_JOGO ; state.INIT ;
+------------------------+---------------------+--------------------+------------------------+-----------------------+------------------+--------------------+------------+
; state.INIT             ; 0                   ; 0                  ; 0                      ; 0                     ; 0                ; 0                  ; 0          ;
; state.PREPARA_JOGO     ; 0                   ; 0                  ; 0                      ; 0                     ; 0                ; 1                  ; 1          ;
; state.MOSTRA_COR       ; 0                   ; 0                  ; 0                      ; 0                     ; 1                ; 0                  ; 1          ;
; state.AGUARDA_ENTRADA  ; 0                   ; 0                  ; 0                      ; 1                     ; 0                ; 0                  ; 1          ;
; state.VERIFICA_ENTRADA ; 0                   ; 0                  ; 1                      ; 0                     ; 0                ; 0                  ; 1          ;
; state.CONTINA_JOGO     ; 0                   ; 1                  ; 0                      ; 0                     ; 0                ; 0                  ; 1          ;
; state.FINALIZA_JOGO    ; 1                   ; 0                  ; 0                      ; 0                     ; 0                ; 0                  ; 1          ;
+------------------------+---------------------+--------------------+------------------------+-----------------------+------------------+--------------------+------------+


+------------------------------------------------------------------------------------------------------+
; User-Specified and Inferred Latches                                                                  ;
+-----------------------------------------------------+-----------------------+------------------------+
; Latch Name                                          ; Latch Enable Signal   ; Free of Timing Hazards ;
+-----------------------------------------------------+-----------------------+------------------------+
; cont[0]                                             ; cont[4]               ; yes                    ;
; cont[1]                                             ; cont[4]               ; yes                    ;
; cont[2]                                             ; cont[4]               ; yes                    ;
; cont[3]                                             ; cont[4]               ; yes                    ;
; cont[4]                                             ; cont[4]               ; yes                    ;
; var_1[0]$latch                                      ; cont[4]               ; yes                    ;
; var_1[1]$latch                                      ; cont[4]               ; yes                    ;
; var_1[2]$latch                                      ; cont[4]               ; yes                    ;
; nextstate.MOSTRA_COR_1036                           ; state.AGUARDA_ENTRADA ; yes                    ;
; nextstate.PREPARA_JOGO_1044                         ; state.AGUARDA_ENTRADA ; yes                    ;
; nextstate.AGUARDA_ENTRADA_1028                      ; state.AGUARDA_ENTRADA ; yes                    ;
; sequencia_facil[3][0]                               ; state.MOSTRA_COR      ; yes                    ;
; sequencia_facil[5][0]                               ; state.MOSTRA_COR      ; yes                    ;
; sequencia_facil[6][0]                               ; state.MOSTRA_COR      ; yes                    ;
; sequencia_facil[8][0]                               ; state.MOSTRA_COR      ; yes                    ;
; sequencia_facil[2][1]                               ; state.MOSTRA_COR      ; yes                    ;
; sequencia_facil[3][1]                               ; state.MOSTRA_COR      ; yes                    ;
; sequencia_facil[7][1]                               ; state.MOSTRA_COR      ; yes                    ;
; sequencia_facil[8][1]                               ; state.MOSTRA_COR      ; yes                    ;
; sequencia_facil[1][2]                               ; state.MOSTRA_COR      ; yes                    ;
; sequencia_facil[4][2]                               ; state.MOSTRA_COR      ; yes                    ;
; sequencia_facil[5][2]                               ; state.MOSTRA_COR      ; yes                    ;
; Number of user-specified and inferred latches = 22  ;                       ;                        ;
+-----------------------------------------------------+-----------------------+------------------------+
Note: All latches listed above may not be present at the end of synthesis due to various synthesis optimizations.


+------------------------------------------------------------+
; Registers Removed During Synthesis                         ;
+---------------------------------------+--------------------+
; Register name                         ; Reason for Removal ;
+---------------------------------------+--------------------+
; state.VERIFICA_ENTRADA                ; Lost fanout        ;
; state.CONTINA_JOGO                    ; Lost fanout        ;
; state.FINALIZA_JOGO                   ; Lost fanout        ;
; Total Number of Removed Registers = 3 ;                    ;
+---------------------------------------+--------------------+


+------------------------------------------------------+
; General Register Statistics                          ;
+----------------------------------------------+-------+
; Statistic                                    ; Value ;
+----------------------------------------------+-------+
; Total registers                              ; 4     ;
; Number of registers using Synchronous Clear  ; 0     ;
; Number of registers using Synchronous Load   ; 0     ;
; Number of registers using Asynchronous Clear ; 0     ;
; Number of registers using Asynchronous Load  ; 0     ;
; Number of registers using Clock Enable       ; 0     ;
; Number of registers using Preset             ; 0     ;
+----------------------------------------------+-------+


+-----------------------------------------------------+
; Post-Synthesis Netlist Statistics for Top Partition ;
+-----------------------+-----------------------------+
; Type                  ; Count                       ;
+-----------------------+-----------------------------+
; boundary_port         ; 267                         ;
; cycloneiii_ff         ; 4                           ;
;     plain             ; 4                           ;
; cycloneiii_lcell_comb ; 37                          ;
;     arith             ; 3                           ;
;         2 data inputs ; 2                           ;
;         3 data inputs ; 1                           ;
;     normal            ; 34                          ;
;         0 data inputs ; 1                           ;
;         1 data inputs ; 2                           ;
;         2 data inputs ; 8                           ;
;         3 data inputs ; 16                          ;
;         4 data inputs ; 7                           ;
;                       ;                             ;
; Max LUT depth         ; 3.00                        ;
; Average LUT depth     ; 2.03                        ;
+-----------------------+-----------------------------+


+-------------------------------+
; Elapsed Time Per Partition    ;
+----------------+--------------+
; Partition Name ; Elapsed Time ;
+----------------+--------------+
; Top            ; 00:00:00     ;
+----------------+--------------+


+-------------------------------+
; Analysis & Synthesis Messages ;
+-------------------------------+
Info: *******************************************************************
Info: Running Quartus Prime Analysis & Synthesis
    Info: Version 20.1.0 Build 711 06/05/2020 SJ Lite Edition
    Info: Processing started: Wed Nov 30 23:13:54 2022
Info: Command: quartus_map --read_settings_files=on --write_settings_files=off genius -c genius
Warning (18236): Number of processors has not been specified which may cause overloading on shared machines.  Set the global assignment NUM_PARALLEL_PROCESSORS in your QSF to an appropriate value for best performance.
Info (20030): Parallel compilation is enabled and will use 4 of the 4 processors detected
Info (12021): Found 2 design units, including 1 entities, in source file genius.vhd
    Info (12022): Found design unit 1: genius-arch File: C:/tp-labsd-genius/genius.vhd Line: 37
    Info (12023): Found entity 1: genius File: C:/tp-labsd-genius/genius.vhd Line: 7
Info (12021): Found 2 design units, including 1 entities, in source file tb_genius.vhd
    Info (12022): Found design unit 1: tb_genius-teste File: C:/tp-labsd-genius/tb_genius.vhd Line: 7
    Info (12023): Found entity 1: tb_genius File: C:/tp-labsd-genius/tb_genius.vhd Line: 4
Info (12127): Elaborating entity "genius" for the top level hierarchy
Warning (10540): VHDL Signal Declaration warning at genius.vhd(16): used explicit default value for signal "var_2" because signal was never assigned a value File: C:/tp-labsd-genius/genius.vhd Line: 16
Warning (10540): VHDL Signal Declaration warning at genius.vhd(17): used explicit default value for signal "var_3" because signal was never assigned a value File: C:/tp-labsd-genius/genius.vhd Line: 17
Warning (10540): VHDL Signal Declaration warning at genius.vhd(18): used explicit default value for signal "var_4" because signal was never assigned a value File: C:/tp-labsd-genius/genius.vhd Line: 18
Warning (10540): VHDL Signal Declaration warning at genius.vhd(19): used explicit default value for signal "var_5" because signal was never assigned a value File: C:/tp-labsd-genius/genius.vhd Line: 19
Warning (10540): VHDL Signal Declaration warning at genius.vhd(29): used explicit default value for signal "led_azul" because signal was never assigned a value File: C:/tp-labsd-genius/genius.vhd Line: 29
Warning (10540): VHDL Signal Declaration warning at genius.vhd(30): used explicit default value for signal "led_amarelo" because signal was never assigned a value File: C:/tp-labsd-genius/genius.vhd Line: 30
Warning (10540): VHDL Signal Declaration warning at genius.vhd(31): used explicit default value for signal "led_verde" because signal was never assigned a value File: C:/tp-labsd-genius/genius.vhd Line: 31
Warning (10540): VHDL Signal Declaration warning at genius.vhd(32): used explicit default value for signal "led_vermelho" because signal was never assigned a value File: C:/tp-labsd-genius/genius.vhd Line: 32
Warning (10540): VHDL Signal Declaration warning at genius.vhd(33): used explicit default value for signal "led_ligado" because signal was never assigned a value File: C:/tp-labsd-genius/genius.vhd Line: 33
Warning (10036): Verilog HDL or VHDL warning at genius.vhd(51): object "sequencia_dificil" assigned a value but never read File: C:/tp-labsd-genius/genius.vhd Line: 51
Warning (10540): VHDL Signal Declaration warning at genius.vhd(54): used explicit default value for signal "qual_botao" because signal was never assigned a value File: C:/tp-labsd-genius/genius.vhd Line: 54
Warning (10036): Verilog HDL or VHDL warning at genius.vhd(60): object "cont_facil" assigned a value but never read File: C:/tp-labsd-genius/genius.vhd Line: 60
Warning (10036): Verilog HDL or VHDL warning at genius.vhd(61): object "cont_dificil" assigned a value but never read File: C:/tp-labsd-genius/genius.vhd Line: 61
Warning (10492): VHDL Process Statement warning at genius.vhd(109): signal "cont" is read inside the Process Statement but isn't in the Process Statement's sensitivity list File: C:/tp-labsd-genius/genius.vhd Line: 109
Warning (10492): VHDL Process Statement warning at genius.vhd(110): signal "sequencia_facil" is read inside the Process Statement but isn't in the Process Statement's sensitivity list File: C:/tp-labsd-genius/genius.vhd Line: 110
Warning (10492): VHDL Process Statement warning at genius.vhd(110): signal "cont" is read inside the Process Statement but isn't in the Process Statement's sensitivity list File: C:/tp-labsd-genius/genius.vhd Line: 110
Warning (10492): VHDL Process Statement warning at genius.vhd(111): signal "cont" is read inside the Process Statement but isn't in the Process Statement's sensitivity list File: C:/tp-labsd-genius/genius.vhd Line: 111
Warning (10492): VHDL Process Statement warning at genius.vhd(117): signal "cont" is read inside the Process Statement but isn't in the Process Statement's sensitivity list File: C:/tp-labsd-genius/genius.vhd Line: 117
Warning (10631): VHDL Process Statement warning at genius.vhd(77): inferring latch(es) for signal or variable "sequencia_facil", which holds its previous value in one or more paths through the process File: C:/tp-labsd-genius/genius.vhd Line: 77
Warning (10631): VHDL Process Statement warning at genius.vhd(77): inferring latch(es) for signal or variable "nextstate", which holds its previous value in one or more paths through the process File: C:/tp-labsd-genius/genius.vhd Line: 77
Warning (10631): VHDL Process Statement warning at genius.vhd(77): inferring latch(es) for signal or variable "var_1", which holds its previous value in one or more paths through the process File: C:/tp-labsd-genius/genius.vhd Line: 77
Warning (10631): VHDL Process Statement warning at genius.vhd(77): inferring latch(es) for signal or variable "cont", which holds its previous value in one or more paths through the process File: C:/tp-labsd-genius/genius.vhd Line: 77
Info (10041): Inferred latch for "cont[0]" at genius.vhd(77) File: C:/tp-labsd-genius/genius.vhd Line: 77
Info (10041): Inferred latch for "cont[1]" at genius.vhd(77) File: C:/tp-labsd-genius/genius.vhd Line: 77
Info (10041): Inferred latch for "cont[2]" at genius.vhd(77) File: C:/tp-labsd-genius/genius.vhd Line: 77
Info (10041): Inferred latch for "cont[3]" at genius.vhd(77) File: C:/tp-labsd-genius/genius.vhd Line: 77
Info (10041): Inferred latch for "cont[4]" at genius.vhd(77) File: C:/tp-labsd-genius/genius.vhd Line: 77
Info (10041): Inferred latch for "var_1[0]" at genius.vhd(77) File: C:/tp-labsd-genius/genius.vhd Line: 77
Info (10041): Inferred latch for "var_1[1]" at genius.vhd(77) File: C:/tp-labsd-genius/genius.vhd Line: 77
Info (10041): Inferred latch for "var_1[2]" at genius.vhd(77) File: C:/tp-labsd-genius/genius.vhd Line: 77
Info (10041): Inferred latch for "var_1[3]" at genius.vhd(77) File: C:/tp-labsd-genius/genius.vhd Line: 77
Info (10041): Inferred latch for "var_1[4]" at genius.vhd(77) File: C:/tp-labsd-genius/genius.vhd Line: 77
Info (10041): Inferred latch for "var_1[5]" at genius.vhd(77) File: C:/tp-labsd-genius/genius.vhd Line: 77
Info (10041): Inferred latch for "var_1[6]" at genius.vhd(77) File: C:/tp-labsd-genius/genius.vhd Line: 77
Info (10041): Inferred latch for "var_1[7]" at genius.vhd(77) File: C:/tp-labsd-genius/genius.vhd Line: 77
Info (10041): Inferred latch for "var_1[8]" at genius.vhd(77) File: C:/tp-labsd-genius/genius.vhd Line: 77
Info (10041): Inferred latch for "var_1[9]" at genius.vhd(77) File: C:/tp-labsd-genius/genius.vhd Line: 77
Info (10041): Inferred latch for "var_1[10]" at genius.vhd(77) File: C:/tp-labsd-genius/genius.vhd Line: 77
Info (10041): Inferred latch for "var_1[11]" at genius.vhd(77) File: C:/tp-labsd-genius/genius.vhd Line: 77
Info (10041): Inferred latch for "var_1[12]" at genius.vhd(77) File: C:/tp-labsd-genius/genius.vhd Line: 77
Info (10041): Inferred latch for "var_1[13]" at genius.vhd(77) File: C:/tp-labsd-genius/genius.vhd Line: 77
Info (10041): Inferred latch for "var_1[14]" at genius.vhd(77) File: C:/tp-labsd-genius/genius.vhd Line: 77
Info (10041): Inferred latch for "var_1[15]" at genius.vhd(77) File: C:/tp-labsd-genius/genius.vhd Line: 77
Info (10041): Inferred latch for "var_1[16]" at genius.vhd(77) File: C:/tp-labsd-genius/genius.vhd Line: 77
Info (10041): Inferred latch for "var_1[17]" at genius.vhd(77) File: C:/tp-labsd-genius/genius.vhd Line: 77
Info (10041): Inferred latch for "var_1[18]" at genius.vhd(77) File: C:/tp-labsd-genius/genius.vhd Line: 77
Info (10041): Inferred latch for "var_1[19]" at genius.vhd(77) File: C:/tp-labsd-genius/genius.vhd Line: 77
Info (10041): Inferred latch for "var_1[20]" at genius.vhd(77) File: C:/tp-labsd-genius/genius.vhd Line: 77
Info (10041): Inferred latch for "var_1[21]" at genius.vhd(77) File: C:/tp-labsd-genius/genius.vhd Line: 77
Info (10041): Inferred latch for "var_1[22]" at genius.vhd(77) File: C:/tp-labsd-genius/genius.vhd Line: 77
Info (10041): Inferred latch for "var_1[23]" at genius.vhd(77) File: C:/tp-labsd-genius/genius.vhd Line: 77
Info (10041): Inferred latch for "var_1[24]" at genius.vhd(77) File: C:/tp-labsd-genius/genius.vhd Line: 77
Info (10041): Inferred latch for "var_1[25]" at genius.vhd(77) File: C:/tp-labsd-genius/genius.vhd Line: 77
Info (10041): Inferred latch for "var_1[26]" at genius.vhd(77) File: C:/tp-labsd-genius/genius.vhd Line: 77
Info (10041): Inferred latch for "var_1[27]" at genius.vhd(77) File: C:/tp-labsd-genius/genius.vhd Line: 77
Info (10041): Inferred latch for "var_1[28]" at genius.vhd(77) File: C:/tp-labsd-genius/genius.vhd Line: 77
Info (10041): Inferred latch for "var_1[29]" at genius.vhd(77) File: C:/tp-labsd-genius/genius.vhd Line: 77
Info (10041): Inferred latch for "var_1[30]" at genius.vhd(77) File: C:/tp-labsd-genius/genius.vhd Line: 77
Info (10041): Inferred latch for "var_1[31]" at genius.vhd(77) File: C:/tp-labsd-genius/genius.vhd Line: 77
Info (10041): Inferred latch for "nextstate.FINALIZA_JOGO" at genius.vhd(77) File: C:/tp-labsd-genius/genius.vhd Line: 77
Info (10041): Inferred latch for "nextstate.CONTINA_JOGO" at genius.vhd(77) File: C:/tp-labsd-genius/genius.vhd Line: 77
Info (10041): Inferred latch for "nextstate.VERIFICA_ENTRADA" at genius.vhd(77) File: C:/tp-labsd-genius/genius.vhd Line: 77
Info (10041): Inferred latch for "nextstate.AGUARDA_ENTRADA" at genius.vhd(77) File: C:/tp-labsd-genius/genius.vhd Line: 77
Info (10041): Inferred latch for "nextstate.MOSTRA_COR" at genius.vhd(77) File: C:/tp-labsd-genius/genius.vhd Line: 77
Info (10041): Inferred latch for "nextstate.PREPARA_JOGO" at genius.vhd(77) File: C:/tp-labsd-genius/genius.vhd Line: 77
Info (10041): Inferred latch for "nextstate.INIT" at genius.vhd(77) File: C:/tp-labsd-genius/genius.vhd Line: 77
Info (10041): Inferred latch for "sequencia_facil[0][0]" at genius.vhd(77) File: C:/tp-labsd-genius/genius.vhd Line: 77
Info (10041): Inferred latch for "sequencia_facil[0][1]" at genius.vhd(77) File: C:/tp-labsd-genius/genius.vhd Line: 77
Info (10041): Inferred latch for "sequencia_facil[0][2]" at genius.vhd(77) File: C:/tp-labsd-genius/genius.vhd Line: 77
Info (10041): Inferred latch for "sequencia_facil[1][0]" at genius.vhd(77) File: C:/tp-labsd-genius/genius.vhd Line: 77
Info (10041): Inferred latch for "sequencia_facil[1][1]" at genius.vhd(77) File: C:/tp-labsd-genius/genius.vhd Line: 77
Info (10041): Inferred latch for "sequencia_facil[1][2]" at genius.vhd(77) File: C:/tp-labsd-genius/genius.vhd Line: 77
Info (10041): Inferred latch for "sequencia_facil[2][0]" at genius.vhd(77) File: C:/tp-labsd-genius/genius.vhd Line: 77
Info (10041): Inferred latch for "sequencia_facil[2][1]" at genius.vhd(77) File: C:/tp-labsd-genius/genius.vhd Line: 77
Info (10041): Inferred latch for "sequencia_facil[2][2]" at genius.vhd(77) File: C:/tp-labsd-genius/genius.vhd Line: 77
Info (10041): Inferred latch for "sequencia_facil[3][0]" at genius.vhd(77) File: C:/tp-labsd-genius/genius.vhd Line: 77
Info (10041): Inferred latch for "sequencia_facil[3][1]" at genius.vhd(77) File: C:/tp-labsd-genius/genius.vhd Line: 77
Info (10041): Inferred latch for "sequencia_facil[3][2]" at genius.vhd(77) File: C:/tp-labsd-genius/genius.vhd Line: 77
Info (10041): Inferred latch for "sequencia_facil[4][0]" at genius.vhd(77) File: C:/tp-labsd-genius/genius.vhd Line: 77
Info (10041): Inferred latch for "sequencia_facil[4][1]" at genius.vhd(77) File: C:/tp-labsd-genius/genius.vhd Line: 77
Info (10041): Inferred latch for "sequencia_facil[4][2]" at genius.vhd(77) File: C:/tp-labsd-genius/genius.vhd Line: 77
Info (10041): Inferred latch for "sequencia_facil[5][0]" at genius.vhd(77) File: C:/tp-labsd-genius/genius.vhd Line: 77
Info (10041): Inferred latch for "sequencia_facil[5][1]" at genius.vhd(77) File: C:/tp-labsd-genius/genius.vhd Line: 77
Info (10041): Inferred latch for "sequencia_facil[5][2]" at genius.vhd(77) File: C:/tp-labsd-genius/genius.vhd Line: 77
Info (10041): Inferred latch for "sequencia_facil[6][0]" at genius.vhd(77) File: C:/tp-labsd-genius/genius.vhd Line: 77
Info (10041): Inferred latch for "sequencia_facil[6][1]" at genius.vhd(77) File: C:/tp-labsd-genius/genius.vhd Line: 77
Info (10041): Inferred latch for "sequencia_facil[6][2]" at genius.vhd(77) File: C:/tp-labsd-genius/genius.vhd Line: 77
Info (10041): Inferred latch for "sequencia_facil[7][0]" at genius.vhd(77) File: C:/tp-labsd-genius/genius.vhd Line: 77
Info (10041): Inferred latch for "sequencia_facil[7][1]" at genius.vhd(77) File: C:/tp-labsd-genius/genius.vhd Line: 77
Info (10041): Inferred latch for "sequencia_facil[7][2]" at genius.vhd(77) File: C:/tp-labsd-genius/genius.vhd Line: 77
Info (10041): Inferred latch for "sequencia_facil[8][0]" at genius.vhd(77) File: C:/tp-labsd-genius/genius.vhd Line: 77
Info (10041): Inferred latch for "sequencia_facil[8][1]" at genius.vhd(77) File: C:/tp-labsd-genius/genius.vhd Line: 77
Info (10041): Inferred latch for "sequencia_facil[8][2]" at genius.vhd(77) File: C:/tp-labsd-genius/genius.vhd Line: 77
Info (13025): Duplicate LATCH primitives merged into single LATCH primitive
    Info (13026): Duplicate LATCH primitive "sequencia_facil[1][2]" merged with LATCH primitive "sequencia_facil[3][0]" File: C:/tp-labsd-genius/genius.vhd Line: 77
    Info (13026): Duplicate LATCH primitive "sequencia_facil[2][1]" merged with LATCH primitive "sequencia_facil[3][0]" File: C:/tp-labsd-genius/genius.vhd Line: 77
    Info (13026): Duplicate LATCH primitive "sequencia_facil[3][1]" merged with LATCH primitive "sequencia_facil[3][0]" File: C:/tp-labsd-genius/genius.vhd Line: 77
    Info (13026): Duplicate LATCH primitive "sequencia_facil[4][2]" merged with LATCH primitive "sequencia_facil[3][0]" File: C:/tp-labsd-genius/genius.vhd Line: 77
    Info (13026): Duplicate LATCH primitive "sequencia_facil[5][0]" merged with LATCH primitive "sequencia_facil[3][0]" File: C:/tp-labsd-genius/genius.vhd Line: 77
    Info (13026): Duplicate LATCH primitive "sequencia_facil[5][2]" merged with LATCH primitive "sequencia_facil[3][0]" File: C:/tp-labsd-genius/genius.vhd Line: 77
    Info (13026): Duplicate LATCH primitive "sequencia_facil[6][0]" merged with LATCH primitive "sequencia_facil[3][0]" File: C:/tp-labsd-genius/genius.vhd Line: 77
    Info (13026): Duplicate LATCH primitive "sequencia_facil[7][1]" merged with LATCH primitive "sequencia_facil[3][0]" File: C:/tp-labsd-genius/genius.vhd Line: 77
    Info (13026): Duplicate LATCH primitive "sequencia_facil[8][0]" merged with LATCH primitive "sequencia_facil[3][0]" File: C:/tp-labsd-genius/genius.vhd Line: 77
    Info (13026): Duplicate LATCH primitive "sequencia_facil[8][1]" merged with LATCH primitive "sequencia_facil[3][0]" File: C:/tp-labsd-genius/genius.vhd Line: 77
Warning (13012): Latch var_1[0]$latch has unsafe behavior File: C:/tp-labsd-genius/genius.vhd Line: 77
    Warning (13013): Ports D and ENA on the latch are fed by the same signal cont[3] File: C:/tp-labsd-genius/genius.vhd Line: 77
Warning (13012): Latch var_1[1]$latch has unsafe behavior File: C:/tp-labsd-genius/genius.vhd Line: 77
    Warning (13013): Ports D and ENA on the latch are fed by the same signal cont[3] File: C:/tp-labsd-genius/genius.vhd Line: 77
Warning (13012): Latch var_1[2]$latch has unsafe behavior File: C:/tp-labsd-genius/genius.vhd Line: 77
    Warning (13013): Ports D and ENA on the latch are fed by the same signal cont[1] File: C:/tp-labsd-genius/genius.vhd Line: 77
Warning (13024): Output pins are stuck at VCC or GND
    Warning (13410): Pin "teste[0]" is stuck at GND File: C:/tp-labsd-genius/genius.vhd Line: 11
    Warning (13410): Pin "teste[1]" is stuck at GND File: C:/tp-labsd-genius/genius.vhd Line: 11
    Warning (13410): Pin "teste[2]" is stuck at GND File: C:/tp-labsd-genius/genius.vhd Line: 11
    Warning (13410): Pin "teste[3]" is stuck at GND File: C:/tp-labsd-genius/genius.vhd Line: 11
    Warning (13410): Pin "teste[4]" is stuck at GND File: C:/tp-labsd-genius/genius.vhd Line: 11
    Warning (13410): Pin "teste[5]" is stuck at GND File: C:/tp-labsd-genius/genius.vhd Line: 11
    Warning (13410): Pin "teste[6]" is stuck at GND File: C:/tp-labsd-genius/genius.vhd Line: 11
    Warning (13410): Pin "teste[7]" is stuck at GND File: C:/tp-labsd-genius/genius.vhd Line: 11
    Warning (13410): Pin "teste[8]" is stuck at GND File: C:/tp-labsd-genius/genius.vhd Line: 11
    Warning (13410): Pin "teste[9]" is stuck at GND File: C:/tp-labsd-genius/genius.vhd Line: 11
    Warning (13410): Pin "teste[10]" is stuck at GND File: C:/tp-labsd-genius/genius.vhd Line: 11
    Warning (13410): Pin "teste[11]" is stuck at GND File: C:/tp-labsd-genius/genius.vhd Line: 11
    Warning (13410): Pin "teste[12]" is stuck at GND File: C:/tp-labsd-genius/genius.vhd Line: 11
    Warning (13410): Pin "teste[13]" is stuck at GND File: C:/tp-labsd-genius/genius.vhd Line: 11
    Warning (13410): Pin "teste[14]" is stuck at GND File: C:/tp-labsd-genius/genius.vhd Line: 11
    Warning (13410): Pin "teste[15]" is stuck at GND File: C:/tp-labsd-genius/genius.vhd Line: 11
    Warning (13410): Pin "teste[16]" is stuck at GND File: C:/tp-labsd-genius/genius.vhd Line: 11
    Warning (13410): Pin "teste[17]" is stuck at GND File: C:/tp-labsd-genius/genius.vhd Line: 11
    Warning (13410): Pin "teste[18]" is stuck at GND File: C:/tp-labsd-genius/genius.vhd Line: 11
    Warning (13410): Pin "teste[19]" is stuck at GND File: C:/tp-labsd-genius/genius.vhd Line: 11
    Warning (13410): Pin "teste[20]" is stuck at GND File: C:/tp-labsd-genius/genius.vhd Line: 11
    Warning (13410): Pin "teste[21]" is stuck at GND File: C:/tp-labsd-genius/genius.vhd Line: 11
    Warning (13410): Pin "teste[22]" is stuck at GND File: C:/tp-labsd-genius/genius.vhd Line: 11
    Warning (13410): Pin "teste[23]" is stuck at GND File: C:/tp-labsd-genius/genius.vhd Line: 11
    Warning (13410): Pin "teste[24]" is stuck at GND File: C:/tp-labsd-genius/genius.vhd Line: 11
    Warning (13410): Pin "teste[25]" is stuck at GND File: C:/tp-labsd-genius/genius.vhd Line: 11
    Warning (13410): Pin "teste[26]" is stuck at GND File: C:/tp-labsd-genius/genius.vhd Line: 11
    Warning (13410): Pin "teste[27]" is stuck at GND File: C:/tp-labsd-genius/genius.vhd Line: 11
    Warning (13410): Pin "teste[28]" is stuck at GND File: C:/tp-labsd-genius/genius.vhd Line: 11
    Warning (13410): Pin "teste[29]" is stuck at GND File: C:/tp-labsd-genius/genius.vhd Line: 11
    Warning (13410): Pin "teste[30]" is stuck at GND File: C:/tp-labsd-genius/genius.vhd Line: 11
    Warning (13410): Pin "teste[31]" is stuck at GND File: C:/tp-labsd-genius/genius.vhd Line: 11
    Warning (13410): Pin "teste2[5]" is stuck at GND File: C:/tp-labsd-genius/genius.vhd Line: 12
    Warning (13410): Pin "teste2[6]" is stuck at GND File: C:/tp-labsd-genius/genius.vhd Line: 12
    Warning (13410): Pin "teste2[7]" is stuck at GND File: C:/tp-labsd-genius/genius.vhd Line: 12
    Warning (13410): Pin "teste2[8]" is stuck at GND File: C:/tp-labsd-genius/genius.vhd Line: 12
    Warning (13410): Pin "teste2[9]" is stuck at GND File: C:/tp-labsd-genius/genius.vhd Line: 12
    Warning (13410): Pin "teste2[10]" is stuck at GND File: C:/tp-labsd-genius/genius.vhd Line: 12
    Warning (13410): Pin "teste2[11]" is stuck at GND File: C:/tp-labsd-genius/genius.vhd Line: 12
    Warning (13410): Pin "teste2[12]" is stuck at GND File: C:/tp-labsd-genius/genius.vhd Line: 12
    Warning (13410): Pin "teste2[13]" is stuck at GND File: C:/tp-labsd-genius/genius.vhd Line: 12
    Warning (13410): Pin "teste2[14]" is stuck at GND File: C:/tp-labsd-genius/genius.vhd Line: 12
    Warning (13410): Pin "teste2[15]" is stuck at GND File: C:/tp-labsd-genius/genius.vhd Line: 12
    Warning (13410): Pin "teste2[16]" is stuck at GND File: C:/tp-labsd-genius/genius.vhd Line: 12
    Warning (13410): Pin "teste2[17]" is stuck at GND File: C:/tp-labsd-genius/genius.vhd Line: 12
    Warning (13410): Pin "teste2[18]" is stuck at GND File: C:/tp-labsd-genius/genius.vhd Line: 12
    Warning (13410): Pin "teste2[19]" is stuck at GND File: C:/tp-labsd-genius/genius.vhd Line: 12
    Warning (13410): Pin "teste2[20]" is stuck at GND File: C:/tp-labsd-genius/genius.vhd Line: 12
    Warning (13410): Pin "teste2[21]" is stuck at GND File: C:/tp-labsd-genius/genius.vhd Line: 12
    Warning (13410): Pin "teste2[22]" is stuck at GND File: C:/tp-labsd-genius/genius.vhd Line: 12
    Warning (13410): Pin "teste2[23]" is stuck at GND File: C:/tp-labsd-genius/genius.vhd Line: 12
    Warning (13410): Pin "teste2[24]" is stuck at GND File: C:/tp-labsd-genius/genius.vhd Line: 12
    Warning (13410): Pin "teste2[25]" is stuck at GND File: C:/tp-labsd-genius/genius.vhd Line: 12
    Warning (13410): Pin "teste2[26]" is stuck at GND File: C:/tp-labsd-genius/genius.vhd Line: 12
    Warning (13410): Pin "teste2[27]" is stuck at GND File: C:/tp-labsd-genius/genius.vhd Line: 12
    Warning (13410): Pin "teste2[28]" is stuck at GND File: C:/tp-labsd-genius/genius.vhd Line: 12
    Warning (13410): Pin "teste2[29]" is stuck at GND File: C:/tp-labsd-genius/genius.vhd Line: 12
    Warning (13410): Pin "teste2[30]" is stuck at GND File: C:/tp-labsd-genius/genius.vhd Line: 12
    Warning (13410): Pin "teste2[31]" is stuck at GND File: C:/tp-labsd-genius/genius.vhd Line: 12
    Warning (13410): Pin "teste3[5]" is stuck at GND File: C:/tp-labsd-genius/genius.vhd Line: 13
    Warning (13410): Pin "teste3[6]" is stuck at GND File: C:/tp-labsd-genius/genius.vhd Line: 13
    Warning (13410): Pin "teste3[7]" is stuck at GND File: C:/tp-labsd-genius/genius.vhd Line: 13
    Warning (13410): Pin "teste3[8]" is stuck at GND File: C:/tp-labsd-genius/genius.vhd Line: 13
    Warning (13410): Pin "teste3[9]" is stuck at GND File: C:/tp-labsd-genius/genius.vhd Line: 13
    Warning (13410): Pin "teste3[10]" is stuck at GND File: C:/tp-labsd-genius/genius.vhd Line: 13
    Warning (13410): Pin "teste3[11]" is stuck at GND File: C:/tp-labsd-genius/genius.vhd Line: 13
    Warning (13410): Pin "teste3[12]" is stuck at GND File: C:/tp-labsd-genius/genius.vhd Line: 13
    Warning (13410): Pin "teste3[13]" is stuck at GND File: C:/tp-labsd-genius/genius.vhd Line: 13
    Warning (13410): Pin "teste3[14]" is stuck at GND File: C:/tp-labsd-genius/genius.vhd Line: 13
    Warning (13410): Pin "teste3[15]" is stuck at GND File: C:/tp-labsd-genius/genius.vhd Line: 13
    Warning (13410): Pin "teste3[16]" is stuck at GND File: C:/tp-labsd-genius/genius.vhd Line: 13
    Warning (13410): Pin "teste3[17]" is stuck at GND File: C:/tp-labsd-genius/genius.vhd Line: 13
    Warning (13410): Pin "teste3[18]" is stuck at GND File: C:/tp-labsd-genius/genius.vhd Line: 13
    Warning (13410): Pin "teste3[19]" is stuck at GND File: C:/tp-labsd-genius/genius.vhd Line: 13
    Warning (13410): Pin "teste3[20]" is stuck at GND File: C:/tp-labsd-genius/genius.vhd Line: 13
    Warning (13410): Pin "teste3[21]" is stuck at GND File: C:/tp-labsd-genius/genius.vhd Line: 13
    Warning (13410): Pin "teste3[22]" is stuck at GND File: C:/tp-labsd-genius/genius.vhd Line: 13
    Warning (13410): Pin "teste3[23]" is stuck at GND File: C:/tp-labsd-genius/genius.vhd Line: 13
    Warning (13410): Pin "teste3[24]" is stuck at GND File: C:/tp-labsd-genius/genius.vhd Line: 13
    Warning (13410): Pin "teste3[25]" is stuck at GND File: C:/tp-labsd-genius/genius.vhd Line: 13
    Warning (13410): Pin "teste3[26]" is stuck at GND File: C:/tp-labsd-genius/genius.vhd Line: 13
    Warning (13410): Pin "teste3[27]" is stuck at GND File: C:/tp-labsd-genius/genius.vhd Line: 13
    Warning (13410): Pin "teste3[28]" is stuck at GND File: C:/tp-labsd-genius/genius.vhd Line: 13
    Warning (13410): Pin "teste3[29]" is stuck at GND File: C:/tp-labsd-genius/genius.vhd Line: 13
    Warning (13410): Pin "teste3[30]" is stuck at GND File: C:/tp-labsd-genius/genius.vhd Line: 13
    Warning (13410): Pin "teste3[31]" is stuck at GND File: C:/tp-labsd-genius/genius.vhd Line: 13
    Warning (13410): Pin "var_1[3]" is stuck at GND File: C:/tp-labsd-genius/genius.vhd Line: 77
    Warning (13410): Pin "var_1[4]" is stuck at GND File: C:/tp-labsd-genius/genius.vhd Line: 77
    Warning (13410): Pin "var_1[5]" is stuck at GND File: C:/tp-labsd-genius/genius.vhd Line: 77
    Warning (13410): Pin "var_1[6]" is stuck at GND File: C:/tp-labsd-genius/genius.vhd Line: 77
    Warning (13410): Pin "var_1[7]" is stuck at GND File: C:/tp-labsd-genius/genius.vhd Line: 77
    Warning (13410): Pin "var_1[8]" is stuck at GND File: C:/tp-labsd-genius/genius.vhd Line: 77
    Warning (13410): Pin "var_1[9]" is stuck at GND File: C:/tp-labsd-genius/genius.vhd Line: 77
    Warning (13410): Pin "var_1[10]" is stuck at GND File: C:/tp-labsd-genius/genius.vhd Line: 77
    Warning (13410): Pin "var_1[11]" is stuck at GND File: C:/tp-labsd-genius/genius.vhd Line: 77
    Warning (13410): Pin "var_1[12]" is stuck at GND File: C:/tp-labsd-genius/genius.vhd Line: 77
    Warning (13410): Pin "var_1[13]" is stuck at GND File: C:/tp-labsd-genius/genius.vhd Line: 77
    Warning (13410): Pin "var_1[14]" is stuck at GND File: C:/tp-labsd-genius/genius.vhd Line: 77
    Warning (13410): Pin "var_1[15]" is stuck at GND File: C:/tp-labsd-genius/genius.vhd Line: 77
    Warning (13410): Pin "var_1[16]" is stuck at GND File: C:/tp-labsd-genius/genius.vhd Line: 77
    Warning (13410): Pin "var_1[17]" is stuck at GND File: C:/tp-labsd-genius/genius.vhd Line: 77
    Warning (13410): Pin "var_1[18]" is stuck at GND File: C:/tp-labsd-genius/genius.vhd Line: 77
    Warning (13410): Pin "var_1[19]" is stuck at GND File: C:/tp-labsd-genius/genius.vhd Line: 77
    Warning (13410): Pin "var_1[20]" is stuck at GND File: C:/tp-labsd-genius/genius.vhd Line: 77
    Warning (13410): Pin "var_1[21]" is stuck at GND File: C:/tp-labsd-genius/genius.vhd Line: 77
    Warning (13410): Pin "var_1[22]" is stuck at GND File: C:/tp-labsd-genius/genius.vhd Line: 77
    Warning (13410): Pin "var_1[23]" is stuck at GND File: C:/tp-labsd-genius/genius.vhd Line: 77
    Warning (13410): Pin "var_1[24]" is stuck at GND File: C:/tp-labsd-genius/genius.vhd Line: 77
    Warning (13410): Pin "var_1[25]" is stuck at GND File: C:/tp-labsd-genius/genius.vhd Line: 77
    Warning (13410): Pin "var_1[26]" is stuck at GND File: C:/tp-labsd-genius/genius.vhd Line: 77
    Warning (13410): Pin "var_1[27]" is stuck at GND File: C:/tp-labsd-genius/genius.vhd Line: 77
    Warning (13410): Pin "var_1[28]" is stuck at GND File: C:/tp-labsd-genius/genius.vhd Line: 77
    Warning (13410): Pin "var_1[29]" is stuck at GND File: C:/tp-labsd-genius/genius.vhd Line: 77
    Warning (13410): Pin "var_1[30]" is stuck at GND File: C:/tp-labsd-genius/genius.vhd Line: 77
    Warning (13410): Pin "var_1[31]" is stuck at GND File: C:/tp-labsd-genius/genius.vhd Line: 77
    Warning (13410): Pin "var_2[0]" is stuck at GND File: C:/tp-labsd-genius/genius.vhd Line: 16
    Warning (13410): Pin "var_2[1]" is stuck at GND File: C:/tp-labsd-genius/genius.vhd Line: 16
    Warning (13410): Pin "var_2[2]" is stuck at GND File: C:/tp-labsd-genius/genius.vhd Line: 16
    Warning (13410): Pin "var_2[3]" is stuck at GND File: C:/tp-labsd-genius/genius.vhd Line: 16
    Warning (13410): Pin "var_2[4]" is stuck at GND File: C:/tp-labsd-genius/genius.vhd Line: 16
    Warning (13410): Pin "var_2[5]" is stuck at GND File: C:/tp-labsd-genius/genius.vhd Line: 16
    Warning (13410): Pin "var_2[6]" is stuck at GND File: C:/tp-labsd-genius/genius.vhd Line: 16
    Warning (13410): Pin "var_2[7]" is stuck at GND File: C:/tp-labsd-genius/genius.vhd Line: 16
    Warning (13410): Pin "var_2[8]" is stuck at GND File: C:/tp-labsd-genius/genius.vhd Line: 16
    Warning (13410): Pin "var_2[9]" is stuck at GND File: C:/tp-labsd-genius/genius.vhd Line: 16
    Warning (13410): Pin "var_2[10]" is stuck at GND File: C:/tp-labsd-genius/genius.vhd Line: 16
    Warning (13410): Pin "var_2[11]" is stuck at GND File: C:/tp-labsd-genius/genius.vhd Line: 16
    Warning (13410): Pin "var_2[12]" is stuck at GND File: C:/tp-labsd-genius/genius.vhd Line: 16
    Warning (13410): Pin "var_2[13]" is stuck at GND File: C:/tp-labsd-genius/genius.vhd Line: 16
    Warning (13410): Pin "var_2[14]" is stuck at GND File: C:/tp-labsd-genius/genius.vhd Line: 16
    Warning (13410): Pin "var_2[15]" is stuck at GND File: C:/tp-labsd-genius/genius.vhd Line: 16
    Warning (13410): Pin "var_2[16]" is stuck at GND File: C:/tp-labsd-genius/genius.vhd Line: 16
    Warning (13410): Pin "var_2[17]" is stuck at GND File: C:/tp-labsd-genius/genius.vhd Line: 16
    Warning (13410): Pin "var_2[18]" is stuck at GND File: C:/tp-labsd-genius/genius.vhd Line: 16
    Warning (13410): Pin "var_2[19]" is stuck at GND File: C:/tp-labsd-genius/genius.vhd Line: 16
    Warning (13410): Pin "var_2[20]" is stuck at GND File: C:/tp-labsd-genius/genius.vhd Line: 16
    Warning (13410): Pin "var_2[21]" is stuck at GND File: C:/tp-labsd-genius/genius.vhd Line: 16
    Warning (13410): Pin "var_2[22]" is stuck at GND File: C:/tp-labsd-genius/genius.vhd Line: 16
    Warning (13410): Pin "var_2[23]" is stuck at GND File: C:/tp-labsd-genius/genius.vhd Line: 16
    Warning (13410): Pin "var_2[24]" is stuck at GND File: C:/tp-labsd-genius/genius.vhd Line: 16
    Warning (13410): Pin "var_2[25]" is stuck at GND File: C:/tp-labsd-genius/genius.vhd Line: 16
    Warning (13410): Pin "var_2[26]" is stuck at GND File: C:/tp-labsd-genius/genius.vhd Line: 16
    Warning (13410): Pin "var_2[27]" is stuck at GND File: C:/tp-labsd-genius/genius.vhd Line: 16
    Warning (13410): Pin "var_2[28]" is stuck at GND File: C:/tp-labsd-genius/genius.vhd Line: 16
    Warning (13410): Pin "var_2[29]" is stuck at GND File: C:/tp-labsd-genius/genius.vhd Line: 16
    Warning (13410): Pin "var_2[30]" is stuck at GND File: C:/tp-labsd-genius/genius.vhd Line: 16
    Warning (13410): Pin "var_2[31]" is stuck at GND File: C:/tp-labsd-genius/genius.vhd Line: 16
    Warning (13410): Pin "var_3[0]" is stuck at GND File: C:/tp-labsd-genius/genius.vhd Line: 17
    Warning (13410): Pin "var_3[1]" is stuck at GND File: C:/tp-labsd-genius/genius.vhd Line: 17
    Warning (13410): Pin "var_3[2]" is stuck at GND File: C:/tp-labsd-genius/genius.vhd Line: 17
    Warning (13410): Pin "var_3[3]" is stuck at GND File: C:/tp-labsd-genius/genius.vhd Line: 17
    Warning (13410): Pin "var_3[4]" is stuck at GND File: C:/tp-labsd-genius/genius.vhd Line: 17
    Warning (13410): Pin "var_3[5]" is stuck at GND File: C:/tp-labsd-genius/genius.vhd Line: 17
    Warning (13410): Pin "var_3[6]" is stuck at GND File: C:/tp-labsd-genius/genius.vhd Line: 17
    Warning (13410): Pin "var_3[7]" is stuck at GND File: C:/tp-labsd-genius/genius.vhd Line: 17
    Warning (13410): Pin "var_3[8]" is stuck at GND File: C:/tp-labsd-genius/genius.vhd Line: 17
    Warning (13410): Pin "var_3[9]" is stuck at GND File: C:/tp-labsd-genius/genius.vhd Line: 17
    Warning (13410): Pin "var_3[10]" is stuck at GND File: C:/tp-labsd-genius/genius.vhd Line: 17
    Warning (13410): Pin "var_3[11]" is stuck at GND File: C:/tp-labsd-genius/genius.vhd Line: 17
    Warning (13410): Pin "var_3[12]" is stuck at GND File: C:/tp-labsd-genius/genius.vhd Line: 17
    Warning (13410): Pin "var_3[13]" is stuck at GND File: C:/tp-labsd-genius/genius.vhd Line: 17
    Warning (13410): Pin "var_3[14]" is stuck at GND File: C:/tp-labsd-genius/genius.vhd Line: 17
    Warning (13410): Pin "var_3[15]" is stuck at GND File: C:/tp-labsd-genius/genius.vhd Line: 17
    Warning (13410): Pin "var_3[16]" is stuck at GND File: C:/tp-labsd-genius/genius.vhd Line: 17
    Warning (13410): Pin "var_3[17]" is stuck at GND File: C:/tp-labsd-genius/genius.vhd Line: 17
    Warning (13410): Pin "var_3[18]" is stuck at GND File: C:/tp-labsd-genius/genius.vhd Line: 17
    Warning (13410): Pin "var_3[19]" is stuck at GND File: C:/tp-labsd-genius/genius.vhd Line: 17
    Warning (13410): Pin "var_3[20]" is stuck at GND File: C:/tp-labsd-genius/genius.vhd Line: 17
    Warning (13410): Pin "var_3[21]" is stuck at GND File: C:/tp-labsd-genius/genius.vhd Line: 17
    Warning (13410): Pin "var_3[22]" is stuck at GND File: C:/tp-labsd-genius/genius.vhd Line: 17
    Warning (13410): Pin "var_3[23]" is stuck at GND File: C:/tp-labsd-genius/genius.vhd Line: 17
    Warning (13410): Pin "var_3[24]" is stuck at GND File: C:/tp-labsd-genius/genius.vhd Line: 17
    Warning (13410): Pin "var_3[25]" is stuck at GND File: C:/tp-labsd-genius/genius.vhd Line: 17
    Warning (13410): Pin "var_3[26]" is stuck at GND File: C:/tp-labsd-genius/genius.vhd Line: 17
    Warning (13410): Pin "var_3[27]" is stuck at GND File: C:/tp-labsd-genius/genius.vhd Line: 17
    Warning (13410): Pin "var_3[28]" is stuck at GND File: C:/tp-labsd-genius/genius.vhd Line: 17
    Warning (13410): Pin "var_3[29]" is stuck at GND File: C:/tp-labsd-genius/genius.vhd Line: 17
    Warning (13410): Pin "var_3[30]" is stuck at GND File: C:/tp-labsd-genius/genius.vhd Line: 17
    Warning (13410): Pin "var_3[31]" is stuck at GND File: C:/tp-labsd-genius/genius.vhd Line: 17
    Warning (13410): Pin "var_4[0]" is stuck at GND File: C:/tp-labsd-genius/genius.vhd Line: 18
    Warning (13410): Pin "var_4[1]" is stuck at GND File: C:/tp-labsd-genius/genius.vhd Line: 18
    Warning (13410): Pin "var_4[2]" is stuck at GND File: C:/tp-labsd-genius/genius.vhd Line: 18
    Warning (13410): Pin "var_4[3]" is stuck at GND File: C:/tp-labsd-genius/genius.vhd Line: 18
    Warning (13410): Pin "var_4[4]" is stuck at GND File: C:/tp-labsd-genius/genius.vhd Line: 18
    Warning (13410): Pin "var_4[5]" is stuck at GND File: C:/tp-labsd-genius/genius.vhd Line: 18
    Warning (13410): Pin "var_4[6]" is stuck at GND File: C:/tp-labsd-genius/genius.vhd Line: 18
    Warning (13410): Pin "var_4[7]" is stuck at GND File: C:/tp-labsd-genius/genius.vhd Line: 18
    Warning (13410): Pin "var_4[8]" is stuck at GND File: C:/tp-labsd-genius/genius.vhd Line: 18
    Warning (13410): Pin "var_4[9]" is stuck at GND File: C:/tp-labsd-genius/genius.vhd Line: 18
    Warning (13410): Pin "var_4[10]" is stuck at GND File: C:/tp-labsd-genius/genius.vhd Line: 18
    Warning (13410): Pin "var_4[11]" is stuck at GND File: C:/tp-labsd-genius/genius.vhd Line: 18
    Warning (13410): Pin "var_4[12]" is stuck at GND File: C:/tp-labsd-genius/genius.vhd Line: 18
    Warning (13410): Pin "var_4[13]" is stuck at GND File: C:/tp-labsd-genius/genius.vhd Line: 18
    Warning (13410): Pin "var_4[14]" is stuck at GND File: C:/tp-labsd-genius/genius.vhd Line: 18
    Warning (13410): Pin "var_4[15]" is stuck at GND File: C:/tp-labsd-genius/genius.vhd Line: 18
    Warning (13410): Pin "var_4[16]" is stuck at GND File: C:/tp-labsd-genius/genius.vhd Line: 18
    Warning (13410): Pin "var_4[17]" is stuck at GND File: C:/tp-labsd-genius/genius.vhd Line: 18
    Warning (13410): Pin "var_4[18]" is stuck at GND File: C:/tp-labsd-genius/genius.vhd Line: 18
    Warning (13410): Pin "var_4[19]" is stuck at GND File: C:/tp-labsd-genius/genius.vhd Line: 18
    Warning (13410): Pin "var_4[20]" is stuck at GND File: C:/tp-labsd-genius/genius.vhd Line: 18
    Warning (13410): Pin "var_4[21]" is stuck at GND File: C:/tp-labsd-genius/genius.vhd Line: 18
    Warning (13410): Pin "var_4[22]" is stuck at GND File: C:/tp-labsd-genius/genius.vhd Line: 18
    Warning (13410): Pin "var_4[23]" is stuck at GND File: C:/tp-labsd-genius/genius.vhd Line: 18
    Warning (13410): Pin "var_4[24]" is stuck at GND File: C:/tp-labsd-genius/genius.vhd Line: 18
    Warning (13410): Pin "var_4[25]" is stuck at GND File: C:/tp-labsd-genius/genius.vhd Line: 18
    Warning (13410): Pin "var_4[26]" is stuck at GND File: C:/tp-labsd-genius/genius.vhd Line: 18
    Warning (13410): Pin "var_4[27]" is stuck at GND File: C:/tp-labsd-genius/genius.vhd Line: 18
    Warning (13410): Pin "var_4[28]" is stuck at GND File: C:/tp-labsd-genius/genius.vhd Line: 18
    Warning (13410): Pin "var_4[29]" is stuck at GND File: C:/tp-labsd-genius/genius.vhd Line: 18
    Warning (13410): Pin "var_4[30]" is stuck at GND File: C:/tp-labsd-genius/genius.vhd Line: 18
    Warning (13410): Pin "var_4[31]" is stuck at GND File: C:/tp-labsd-genius/genius.vhd Line: 18
    Warning (13410): Pin "var_5[0]" is stuck at GND File: C:/tp-labsd-genius/genius.vhd Line: 19
    Warning (13410): Pin "var_5[1]" is stuck at GND File: C:/tp-labsd-genius/genius.vhd Line: 19
    Warning (13410): Pin "var_5[2]" is stuck at GND File: C:/tp-labsd-genius/genius.vhd Line: 19
    Warning (13410): Pin "var_5[3]" is stuck at GND File: C:/tp-labsd-genius/genius.vhd Line: 19
    Warning (13410): Pin "var_5[4]" is stuck at GND File: C:/tp-labsd-genius/genius.vhd Line: 19
    Warning (13410): Pin "var_5[5]" is stuck at GND File: C:/tp-labsd-genius/genius.vhd Line: 19
    Warning (13410): Pin "var_5[6]" is stuck at GND File: C:/tp-labsd-genius/genius.vhd Line: 19
    Warning (13410): Pin "var_5[7]" is stuck at GND File: C:/tp-labsd-genius/genius.vhd Line: 19
    Warning (13410): Pin "var_5[8]" is stuck at GND File: C:/tp-labsd-genius/genius.vhd Line: 19
    Warning (13410): Pin "var_5[9]" is stuck at GND File: C:/tp-labsd-genius/genius.vhd Line: 19
    Warning (13410): Pin "var_5[10]" is stuck at GND File: C:/tp-labsd-genius/genius.vhd Line: 19
    Warning (13410): Pin "var_5[11]" is stuck at GND File: C:/tp-labsd-genius/genius.vhd Line: 19
    Warning (13410): Pin "var_5[12]" is stuck at GND File: C:/tp-labsd-genius/genius.vhd Line: 19
    Warning (13410): Pin "var_5[13]" is stuck at GND File: C:/tp-labsd-genius/genius.vhd Line: 19
    Warning (13410): Pin "var_5[14]" is stuck at GND File: C:/tp-labsd-genius/genius.vhd Line: 19
    Warning (13410): Pin "var_5[15]" is stuck at GND File: C:/tp-labsd-genius/genius.vhd Line: 19
    Warning (13410): Pin "var_5[16]" is stuck at GND File: C:/tp-labsd-genius/genius.vhd Line: 19
    Warning (13410): Pin "var_5[17]" is stuck at GND File: C:/tp-labsd-genius/genius.vhd Line: 19
    Warning (13410): Pin "var_5[18]" is stuck at GND File: C:/tp-labsd-genius/genius.vhd Line: 19
    Warning (13410): Pin "var_5[19]" is stuck at GND File: C:/tp-labsd-genius/genius.vhd Line: 19
    Warning (13410): Pin "var_5[20]" is stuck at GND File: C:/tp-labsd-genius/genius.vhd Line: 19
    Warning (13410): Pin "var_5[21]" is stuck at GND File: C:/tp-labsd-genius/genius.vhd Line: 19
    Warning (13410): Pin "var_5[22]" is stuck at GND File: C:/tp-labsd-genius/genius.vhd Line: 19
    Warning (13410): Pin "var_5[23]" is stuck at GND File: C:/tp-labsd-genius/genius.vhd Line: 19
    Warning (13410): Pin "var_5[24]" is stuck at GND File: C:/tp-labsd-genius/genius.vhd Line: 19
    Warning (13410): Pin "var_5[25]" is stuck at GND File: C:/tp-labsd-genius/genius.vhd Line: 19
    Warning (13410): Pin "var_5[26]" is stuck at GND File: C:/tp-labsd-genius/genius.vhd Line: 19
    Warning (13410): Pin "var_5[27]" is stuck at GND File: C:/tp-labsd-genius/genius.vhd Line: 19
    Warning (13410): Pin "var_5[28]" is stuck at GND File: C:/tp-labsd-genius/genius.vhd Line: 19
    Warning (13410): Pin "var_5[29]" is stuck at GND File: C:/tp-labsd-genius/genius.vhd Line: 19
    Warning (13410): Pin "var_5[30]" is stuck at GND File: C:/tp-labsd-genius/genius.vhd Line: 19
    Warning (13410): Pin "var_5[31]" is stuck at GND File: C:/tp-labsd-genius/genius.vhd Line: 19
    Warning (13410): Pin "led_azul" is stuck at GND File: C:/tp-labsd-genius/genius.vhd Line: 29
    Warning (13410): Pin "led_amarelo" is stuck at GND File: C:/tp-labsd-genius/genius.vhd Line: 30
    Warning (13410): Pin "led_verde" is stuck at GND File: C:/tp-labsd-genius/genius.vhd Line: 31
    Warning (13410): Pin "led_vermelho" is stuck at GND File: C:/tp-labsd-genius/genius.vhd Line: 32
    Warning (13410): Pin "led_ligado" is stuck at GND File: C:/tp-labsd-genius/genius.vhd Line: 33
Info (286030): Timing-Driven Synthesis is running
Info (17049): 3 registers lost all their fanouts during netlist optimizations.
Info (16010): Generating hard_block partition "hard_block:auto_generated_inst"
    Info (16011): Adding 0 node(s), including 0 DDIO, 0 PLL, 0 transceiver and 0 LCELL
Warning (21074): Design contains 4 input pin(s) that do not drive logic
    Warning (15610): No output dependent on input pin "entrada_azul" File: C:/tp-labsd-genius/genius.vhd Line: 23
    Warning (15610): No output dependent on input pin "entrada_amarelo" File: C:/tp-labsd-genius/genius.vhd Line: 24
    Warning (15610): No output dependent on input pin "entrada_verde" File: C:/tp-labsd-genius/genius.vhd Line: 25
    Warning (15610): No output dependent on input pin "entrada_vermelho" File: C:/tp-labsd-genius/genius.vhd Line: 26
Info (21057): Implemented 303 device resources after synthesis - the final resource count might be different
    Info (21058): Implemented 6 input pins
    Info (21059): Implemented 261 output pins
    Info (21061): Implemented 36 logic cells
Info: Quartus Prime Analysis & Synthesis was successful. 0 errors, 283 warnings
    Info: Peak virtual memory: 4787 megabytes
    Info: Processing ended: Wed Nov 30 23:14:03 2022
    Info: Elapsed time: 00:00:09
    Info: Total CPU time (on all processors): 00:00:22


